2021-09-06 11:39:32,856 - INFO - __init__ - Initilization Scaling Class
2021-09-06 11:39:32,857 - INFO - __init__ - Loading scaler model
2021-09-06 11:39:32,857 - INFO - __init__ - Scaler Model loaded Successfully
2021-09-06 11:39:32,857 - INFO - __init__ - Loading scaler model
2021-09-06 11:39:32,858 - ERROR - __init__ - Error in Initialization Scaling Class
2021-09-06 11:39:32,858 - ERROR - __init__ - [Errno 2] No such file or directory: 'minmax_scaler_1st.pkl'
2021-09-06 11:39:36,265 - INFO - __init__ - Initilization Scaling Class
2021-09-06 11:39:36,265 - INFO - __init__ - Loading scaler model
2021-09-06 11:39:36,265 - INFO - __init__ - Scaler Model loaded Successfully
2021-09-06 11:39:36,266 - INFO - __init__ - Loading scaler model
2021-09-06 11:39:36,266 - ERROR - __init__ - Error in Initialization Scaling Class
2021-09-06 11:39:36,267 - ERROR - __init__ - [Errno 2] No such file or directory: 'minmax_scaler_1st.pkl'
2021-09-06 11:42:52,472 - INFO - __init__ - Initilization Scaling Class
2021-09-06 11:42:52,473 - INFO - __init__ - Loading scaler model
2021-09-06 11:42:52,473 - INFO - __init__ - Scaler Model loaded Successfully
2021-09-06 11:42:52,473 - INFO - __init__ - Loading scaler model
2021-09-06 11:42:52,473 - ERROR - __init__ - Error in Initialization Scaling Class
2021-09-06 11:42:52,474 - ERROR - __init__ - [Errno 2] No such file or directory: 'minmax_scaler_1st.pkl'
2021-09-06 11:43:07,278 - INFO - __init__ - Initilization Scaling Class
2021-09-06 11:43:07,279 - INFO - __init__ - Loading scaler model
2021-09-06 11:43:07,279 - INFO - __init__ - Scaler Model loaded Successfully
2021-09-06 11:43:07,279 - INFO - __init__ - Loading scaler model
2021-09-06 11:43:07,279 - ERROR - __init__ - Error in Initialization Scaling Class
2021-09-06 11:43:07,280 - ERROR - __init__ - [Errno 2] No such file or directory: 'minmax_scaler_1st.pkl'
2021-09-06 11:53:30,421 - INFO - scale_data - Data is valid
2021-09-06 11:53:30,421 - INFO - scale_data - Scaling the numpy array
2021-09-06 11:53:30,421 - ERROR - scale_data - Error in Scaling the numpy array
2021-09-06 11:53:30,421 - ERROR - scale_data - 'Scaler' object has no attribute 'scaler_model'
2021-09-06 11:55:01,864 - INFO - __init__ - Initilization Scaling Class
2021-09-06 11:55:01,865 - INFO - __init__ - Loading scaler model
2021-09-06 11:55:01,865 - INFO - __init__ - Scaler Model loaded Successfully
2021-09-06 11:55:01,865 - INFO - __init__ - Loading scaler model
2021-09-06 11:55:01,865 - ERROR - __init__ - Error in Initialization Scaling Class
2021-09-06 11:55:01,865 - ERROR - __init__ - [Errno 2] No such file or directory: 'minmax_scaler_1st.pkl'
2021-09-06 11:55:08,381 - INFO - __init__ - Initilization Scaling Class
2021-09-06 11:55:08,382 - INFO - __init__ - Loading scaler model
2021-09-06 11:55:08,382 - INFO - __init__ - Scaler Model loaded Successfully
2021-09-06 11:55:08,382 - INFO - __init__ - Loading scaler model
2021-09-06 11:55:08,382 - ERROR - __init__ - Error in Initialization Scaling Class
2021-09-06 11:55:08,382 - ERROR - __init__ - [Errno 2] No such file or directory: 'minmax_scaler_1st.pkl'
2021-09-06 11:55:14,183 - INFO - __init__ - Initilization Scaling Class
2021-09-06 11:55:14,184 - INFO - __init__ - Loading scaler model
2021-09-06 11:55:14,184 - INFO - __init__ - Scaler Model loaded Successfully
2021-09-06 11:55:14,184 - INFO - __init__ - Loading scaler model
2021-09-06 11:55:14,184 - ERROR - __init__ - Error in Initialization Scaling Class
2021-09-06 11:55:14,184 - ERROR - __init__ - [Errno 2] No such file or directory: 'minmax_scaler_1st.pkl'
2021-09-06 11:55:31,551 - INFO - scale_data - Data is valid
2021-09-06 11:55:31,551 - INFO - scale_data - Scaling the numpy array
2021-09-06 11:55:31,551 - ERROR - scale_data - Error in Scaling the numpy array
2021-09-06 11:55:31,551 - ERROR - scale_data - 'Scaler' object has no attribute 'scaler_model'
2021-09-06 11:55:34,299 - INFO - scale_data - Data is valid
2021-09-06 11:55:34,300 - INFO - scale_data - Scaling the numpy array
2021-09-06 11:55:34,300 - ERROR - scale_data - Error in Scaling the numpy array
2021-09-06 11:55:34,300 - ERROR - scale_data - 'Scaler' object has no attribute 'scaler_model'
2021-09-06 11:58:52,148 - INFO - __init__ - Initilization Scaling Class
2021-09-06 11:58:52,148 - INFO - __init__ - Loading scaler model
2021-09-06 11:58:52,148 - INFO - __init__ - Scaler Model loaded Successfully
2021-09-06 11:58:52,149 - INFO - __init__ - Loading scaler model
2021-09-06 11:58:57,589 - INFO - __init__ - Scaler model loaded Successfully
2021-09-06 11:59:03,079 - INFO - __init__ - Initilization Scaling Class
2021-09-06 11:59:03,080 - INFO - __init__ - Loading scaler model
2021-09-06 11:59:03,081 - INFO - __init__ - Scaler Model loaded Successfully
2021-09-06 11:59:03,082 - INFO - __init__ - Loading scaler model
2021-09-06 11:59:07,254 - INFO - __init__ - Scaler model loaded Successfully
2021-09-06 11:59:22,206 - INFO - scale_data - Data is valid
2021-09-06 11:59:22,206 - INFO - scale_data - Scaling the numpy array
2021-09-06 11:59:22,207 - INFO - scale_data - Scaling the numpy array Successfully
2021-09-06 13:02:18,496 - INFO - __init__ - Initilization Scaling Class
2021-09-06 13:02:18,497 - INFO - __init__ - Loading scaler model
2021-09-06 13:02:18,497 - INFO - __init__ - Scaler Model loaded Successfully
2021-09-06 13:02:18,497 - INFO - __init__ - Loading scaler model
2021-09-06 13:02:29,264 - INFO - __init__ - Scaler model loaded Successfully
2021-09-06 13:02:34,175 - INFO - __init__ - Initilization Scaling Class
2021-09-06 13:02:34,176 - INFO - __init__ - Loading scaler model
2021-09-06 13:02:34,176 - INFO - __init__ - Scaler Model loaded Successfully
2021-09-06 13:02:34,176 - INFO - __init__ - Loading scaler model
2021-09-06 13:02:35,314 - INFO - __init__ - Scaler model loaded Successfully
2021-09-06 13:03:51,917 - INFO - __init__ - Initilization Scaling Class
2021-09-06 13:03:51,917 - INFO - __init__ - Loading scaler model
2021-09-06 13:03:51,917 - INFO - __init__ - Scaler Model loaded Successfully
2021-09-06 13:03:51,917 - INFO - __init__ - Loading scaler model
2021-09-06 13:03:53,324 - INFO - __init__ - Scaler model loaded Successfully
2021-09-06 13:04:29,578 - INFO - __init__ - Initilization Scaling Class
2021-09-06 13:04:29,578 - INFO - __init__ - Loading scaler model
2021-09-06 13:04:29,578 - INFO - __init__ - Scaler Model loaded Successfully
2021-09-06 13:04:29,579 - INFO - __init__ - Loading scaler model
2021-09-06 13:04:30,600 - INFO - __init__ - Scaler model loaded Successfully
2021-09-06 13:11:14,364 - INFO - __init__ - Initilization Scaling Class
2021-09-06 13:11:14,365 - INFO - __init__ - Loading scaler model
2021-09-06 13:11:14,365 - INFO - __init__ - Scaler Model loaded Successfully
2021-09-06 13:11:14,365 - INFO - __init__ - Loading scaler model
2021-09-06 13:11:15,643 - INFO - __init__ - Scaler model loaded Successfully
2021-09-06 13:11:17,581 - INFO - __init__ - Initilization Scaling Class
2021-09-06 13:11:17,582 - INFO - __init__ - Loading scaler model
2021-09-06 13:11:17,582 - INFO - __init__ - Scaler Model loaded Successfully
2021-09-06 13:11:17,582 - INFO - __init__ - Loading scaler model
2021-09-06 13:11:18,873 - INFO - __init__ - Scaler model loaded Successfully
2021-09-06 13:23:19,683 - INFO - __init__ - Initilization Scaling Class
2021-09-06 13:23:19,683 - INFO - __init__ - Loading scaler model
2021-09-06 13:23:19,683 - INFO - __init__ - Scaler Model loaded Successfully
2021-09-06 13:23:19,683 - INFO - __init__ - Loading scaler model
2021-09-06 13:23:20,758 - INFO - __init__ - Scaler model loaded Successfully
2021-09-06 13:23:41,600 - INFO - __init__ - Initilization Scaling Class
2021-09-06 13:23:41,600 - INFO - __init__ - Loading scaler model
2021-09-06 13:23:41,600 - INFO - __init__ - Scaler Model loaded Successfully
2021-09-06 13:23:41,601 - INFO - __init__ - Loading scaler model
2021-09-06 13:23:42,614 - INFO - __init__ - Scaler model loaded Successfully
2021-09-06 13:23:47,487 - INFO - __init__ - Initilization Scaling Class
2021-09-06 13:23:47,487 - INFO - __init__ - Loading scaler model
2021-09-06 13:23:47,487 - INFO - __init__ - Scaler Model loaded Successfully
2021-09-06 13:23:47,487 - INFO - __init__ - Loading scaler model
2021-09-06 13:23:48,450 - INFO - __init__ - Scaler model loaded Successfully
2021-09-06 13:23:53,162 - INFO - __init__ - Initilization Scaling Class
2021-09-06 13:23:53,162 - INFO - __init__ - Loading scaler model
2021-09-06 13:23:53,162 - INFO - __init__ - Scaler Model loaded Successfully
2021-09-06 13:23:53,162 - INFO - __init__ - Loading scaler model
2021-09-06 13:23:54,457 - INFO - __init__ - Scaler model loaded Successfully
2021-09-06 13:23:58,576 - INFO - __init__ - Initilization Scaling Class
2021-09-06 13:23:58,576 - INFO - __init__ - Loading scaler model
2021-09-06 13:23:58,576 - INFO - __init__ - Scaler Model loaded Successfully
2021-09-06 13:23:58,576 - INFO - __init__ - Loading scaler model
2021-09-06 13:23:59,816 - INFO - __init__ - Scaler model loaded Successfully
2021-09-06 13:24:13,631 - INFO - __init__ - Initilization Scaling Class
2021-09-06 13:24:13,631 - INFO - __init__ - Loading scaler model
2021-09-06 13:24:13,631 - INFO - __init__ - Scaler Model loaded Successfully
2021-09-06 13:24:13,631 - INFO - __init__ - Loading scaler model
2021-09-06 13:24:14,862 - INFO - __init__ - Scaler model loaded Successfully
2021-09-06 13:24:21,195 - INFO - __init__ - Initilization Scaling Class
2021-09-06 13:24:21,195 - INFO - __init__ - Loading scaler model
2021-09-06 13:24:21,195 - INFO - __init__ - Scaler Model loaded Successfully
2021-09-06 13:24:21,195 - INFO - __init__ - Loading scaler model
2021-09-06 13:24:22,654 - INFO - __init__ - Scaler model loaded Successfully
2021-09-06 13:24:26,039 - INFO - __init__ - Initilization Scaling Class
2021-09-06 13:24:26,039 - INFO - __init__ - Loading scaler model
2021-09-06 13:24:26,039 - INFO - __init__ - Scaler Model loaded Successfully
2021-09-06 13:24:26,039 - INFO - __init__ - Loading scaler model
2021-09-06 13:24:27,313 - INFO - __init__ - Scaler model loaded Successfully
2021-09-06 13:24:32,328 - INFO - __init__ - Initilization Scaling Class
2021-09-06 13:24:32,328 - INFO - __init__ - Loading scaler model
2021-09-06 13:24:32,328 - INFO - __init__ - Scaler Model loaded Successfully
2021-09-06 13:24:32,328 - INFO - __init__ - Loading scaler model
2021-09-06 13:24:33,625 - INFO - __init__ - Scaler model loaded Successfully
2021-09-06 13:24:38,099 - INFO - __init__ - Initilization Scaling Class
2021-09-06 13:24:38,099 - INFO - __init__ - Loading scaler model
2021-09-06 13:24:38,100 - INFO - __init__ - Scaler Model loaded Successfully
2021-09-06 13:24:38,100 - INFO - __init__ - Loading scaler model
2021-09-06 13:24:39,373 - INFO - __init__ - Scaler model loaded Successfully
2021-09-06 13:24:42,946 - INFO - __init__ - Initilization Scaling Class
2021-09-06 13:24:42,946 - INFO - __init__ - Loading scaler model
2021-09-06 13:24:42,946 - INFO - __init__ - Scaler Model loaded Successfully
2021-09-06 13:24:42,946 - INFO - __init__ - Loading scaler model
2021-09-06 13:24:44,213 - INFO - __init__ - Scaler model loaded Successfully
2021-09-06 13:24:58,725 - INFO - __init__ - Initilization Scaling Class
2021-09-06 13:24:58,725 - INFO - __init__ - Loading scaler model
2021-09-06 13:24:58,725 - INFO - __init__ - Scaler Model loaded Successfully
2021-09-06 13:24:58,725 - INFO - __init__ - Loading scaler model
2021-09-06 13:24:59,965 - INFO - __init__ - Scaler model loaded Successfully
2021-09-06 13:25:03,540 - INFO - __init__ - Initilization Scaling Class
2021-09-06 13:25:03,541 - INFO - __init__ - Loading scaler model
2021-09-06 13:25:03,541 - INFO - __init__ - Scaler Model loaded Successfully
2021-09-06 13:25:03,541 - INFO - __init__ - Loading scaler model
2021-09-06 13:25:04,785 - INFO - __init__ - Scaler model loaded Successfully
2021-09-06 13:25:09,874 - INFO - __init__ - Initilization Scaling Class
2021-09-06 13:25:09,874 - INFO - __init__ - Loading scaler model
2021-09-06 13:25:09,874 - INFO - __init__ - Scaler Model loaded Successfully
2021-09-06 13:25:09,874 - INFO - __init__ - Loading scaler model
2021-09-06 13:25:11,213 - INFO - __init__ - Scaler model loaded Successfully
2021-09-06 13:25:16,157 - INFO - __init__ - Initilization Scaling Class
2021-09-06 13:25:16,157 - INFO - __init__ - Loading scaler model
2021-09-06 13:25:16,157 - INFO - __init__ - Scaler Model loaded Successfully
2021-09-06 13:25:16,157 - INFO - __init__ - Loading scaler model
2021-09-06 13:25:17,439 - INFO - __init__ - Scaler model loaded Successfully
2021-09-06 13:25:21,910 - INFO - __init__ - Initilization Scaling Class
2021-09-06 13:25:21,911 - INFO - __init__ - Loading scaler model
2021-09-06 13:25:21,911 - INFO - __init__ - Scaler Model loaded Successfully
2021-09-06 13:25:21,911 - INFO - __init__ - Loading scaler model
2021-09-06 13:25:23,245 - INFO - __init__ - Scaler model loaded Successfully
2021-09-06 13:25:27,228 - INFO - __init__ - Initilization Scaling Class
2021-09-06 13:25:27,228 - INFO - __init__ - Loading scaler model
2021-09-06 13:25:27,229 - INFO - __init__ - Scaler Model loaded Successfully
2021-09-06 13:25:27,229 - INFO - __init__ - Loading scaler model
2021-09-06 13:25:28,494 - INFO - __init__ - Scaler model loaded Successfully
2021-09-06 13:25:32,774 - INFO - __init__ - Initilization Scaling Class
2021-09-06 13:25:32,774 - INFO - __init__ - Loading scaler model
2021-09-06 13:25:32,774 - INFO - __init__ - Scaler Model loaded Successfully
2021-09-06 13:25:32,775 - INFO - __init__ - Loading scaler model
2021-09-06 13:25:34,055 - INFO - __init__ - Scaler model loaded Successfully
2021-09-06 13:25:39,033 - INFO - __init__ - Initilization Scaling Class
2021-09-06 13:25:39,033 - INFO - __init__ - Loading scaler model
2021-09-06 13:25:39,033 - INFO - __init__ - Scaler Model loaded Successfully
2021-09-06 13:25:39,033 - INFO - __init__ - Loading scaler model
2021-09-06 13:25:40,315 - INFO - __init__ - Scaler model loaded Successfully
2021-09-06 13:25:45,155 - INFO - __init__ - Initilization Scaling Class
2021-09-06 13:25:45,156 - INFO - __init__ - Loading scaler model
2021-09-06 13:25:45,156 - INFO - __init__ - Scaler Model loaded Successfully
2021-09-06 13:25:45,156 - INFO - __init__ - Loading scaler model
2021-09-06 13:25:46,463 - INFO - __init__ - Scaler model loaded Successfully
2021-09-06 13:25:49,915 - INFO - __init__ - Initilization Scaling Class
2021-09-06 13:25:49,915 - INFO - __init__ - Loading scaler model
2021-09-06 13:25:49,915 - INFO - __init__ - Scaler Model loaded Successfully
2021-09-06 13:25:49,915 - INFO - __init__ - Loading scaler model
2021-09-06 13:25:51,147 - INFO - __init__ - Scaler model loaded Successfully
2021-09-06 13:25:55,382 - INFO - __init__ - Initilization Scaling Class
2021-09-06 13:25:55,382 - INFO - __init__ - Loading scaler model
2021-09-06 13:25:55,382 - INFO - __init__ - Scaler Model loaded Successfully
2021-09-06 13:25:55,382 - INFO - __init__ - Loading scaler model
2021-09-06 13:25:56,619 - INFO - __init__ - Scaler model loaded Successfully
2021-09-06 13:26:03,355 - INFO - __init__ - Initilization Scaling Class
2021-09-06 13:26:03,355 - INFO - __init__ - Loading scaler model
2021-09-06 13:26:03,355 - INFO - __init__ - Scaler Model loaded Successfully
2021-09-06 13:26:03,355 - INFO - __init__ - Loading scaler model
2021-09-06 13:26:04,669 - INFO - __init__ - Scaler model loaded Successfully
2021-09-06 13:26:07,974 - INFO - __init__ - Initilization Scaling Class
2021-09-06 13:26:07,974 - INFO - __init__ - Loading scaler model
2021-09-06 13:26:07,974 - INFO - __init__ - Scaler Model loaded Successfully
2021-09-06 13:26:07,974 - INFO - __init__ - Loading scaler model
2021-09-06 13:26:09,195 - INFO - __init__ - Scaler model loaded Successfully
2021-09-06 13:26:26,037 - INFO - __init__ - Initilization Scaling Class
2021-09-06 13:26:26,038 - INFO - __init__ - Loading scaler model
2021-09-06 13:26:26,038 - INFO - __init__ - Scaler Model loaded Successfully
2021-09-06 13:26:26,038 - INFO - __init__ - Loading scaler model
2021-09-06 13:26:27,300 - INFO - __init__ - Scaler model loaded Successfully
2021-09-06 13:26:35,345 - INFO - __init__ - Initilization Scaling Class
2021-09-06 13:26:35,346 - INFO - __init__ - Loading scaler model
2021-09-06 13:26:35,346 - INFO - __init__ - Scaler Model loaded Successfully
2021-09-06 13:26:35,346 - INFO - __init__ - Loading scaler model
2021-09-06 13:26:36,781 - INFO - __init__ - Scaler model loaded Successfully
2021-09-06 13:26:58,854 - INFO - __init__ - Initilization Scaling Class
2021-09-06 13:26:58,854 - INFO - __init__ - Loading scaler model
2021-09-06 13:26:58,854 - INFO - __init__ - Scaler Model loaded Successfully
2021-09-06 13:26:58,854 - INFO - __init__ - Loading scaler model
2021-09-06 13:27:00,364 - INFO - __init__ - Scaler model loaded Successfully
2021-09-06 13:27:09,692 - INFO - __init__ - Initilization Scaling Class
2021-09-06 13:27:09,692 - INFO - __init__ - Loading scaler model
2021-09-06 13:27:09,692 - INFO - __init__ - Scaler Model loaded Successfully
2021-09-06 13:27:09,692 - INFO - __init__ - Loading scaler model
2021-09-06 13:27:10,983 - INFO - __init__ - Scaler model loaded Successfully
2021-09-06 13:27:54,129 - INFO - __init__ - Initilization Scaling Class
2021-09-06 13:27:54,130 - INFO - __init__ - Loading scaler model
2021-09-06 13:27:54,130 - INFO - __init__ - Scaler Model loaded Successfully
2021-09-06 13:27:54,130 - INFO - __init__ - Loading scaler model
2021-09-06 13:27:55,350 - INFO - __init__ - Scaler model loaded Successfully
2021-09-06 13:27:57,248 - INFO - __init__ - Initilization Scaling Class
2021-09-06 13:27:57,248 - INFO - __init__ - Loading scaler model
2021-09-06 13:27:57,248 - INFO - __init__ - Scaler Model loaded Successfully
2021-09-06 13:27:57,248 - INFO - __init__ - Loading scaler model
2021-09-06 13:27:58,530 - INFO - __init__ - Scaler model loaded Successfully
2021-09-06 13:28:29,892 - INFO - scale_data - Data is valid
2021-09-06 13:28:29,892 - INFO - scale_data - Scaling the numpy array
2021-09-06 13:28:29,941 - INFO - scale_data - Scaling the numpy array Successfully
2021-09-06 13:28:33,176 - INFO - __init__ - Initilization Scaling Class
2021-09-06 13:28:33,176 - INFO - __init__ - Loading scaler model
2021-09-06 13:28:33,176 - INFO - __init__ - Scaler Model loaded Successfully
2021-09-06 13:28:33,176 - INFO - __init__ - Loading scaler model
2021-09-06 13:28:34,395 - INFO - __init__ - Scaler model loaded Successfully
2021-09-06 13:28:46,038 - INFO - scale_data - Data is valid
2021-09-06 13:28:46,038 - INFO - scale_data - Scaling the numpy array
2021-09-06 13:28:46,039 - INFO - scale_data - Scaling the numpy array Successfully
2021-09-06 13:28:51,147 - INFO - scale_data - Data is valid
2021-09-06 13:28:51,147 - INFO - scale_data - Scaling the numpy array
2021-09-06 13:28:51,148 - INFO - scale_data - Scaling the numpy array Successfully
2021-09-06 13:28:57,252 - INFO - scale_data - Data is valid
2021-09-06 13:28:57,252 - INFO - scale_data - Scaling the numpy array
2021-09-06 13:28:57,253 - INFO - scale_data - Scaling the numpy array Successfully
2021-09-06 13:28:58,759 - INFO - scale_data - Data is valid
2021-09-06 13:28:58,759 - INFO - scale_data - Scaling the numpy array
2021-09-06 13:28:58,759 - INFO - scale_data - Scaling the numpy array Successfully
2021-09-06 13:29:39,024 - INFO - scale_data - Data is valid
2021-09-06 13:29:39,024 - INFO - scale_data - Scaling the numpy array
2021-09-06 13:29:39,025 - INFO - scale_data - Scaling the numpy array Successfully
2021-09-06 13:29:51,234 - INFO - scale_data - Data is valid
2021-09-06 13:29:51,234 - INFO - scale_data - Scaling the numpy array
2021-09-06 13:29:51,234 - INFO - scale_data - Scaling the numpy array Successfully
2021-09-06 13:30:29,056 - INFO - __init__ - Initilization Scaling Class
2021-09-06 13:30:29,056 - INFO - __init__ - Loading scaler model
2021-09-06 13:30:29,057 - INFO - __init__ - Scaler Model loaded Successfully
2021-09-06 13:30:29,057 - INFO - __init__ - Loading scaler model
2021-09-06 13:30:30,479 - INFO - __init__ - Scaler model loaded Successfully
2021-09-06 13:30:35,046 - INFO - __init__ - Initilization Scaling Class
2021-09-06 13:30:35,046 - INFO - __init__ - Loading scaler model
2021-09-06 13:30:35,047 - INFO - __init__ - Scaler Model loaded Successfully
2021-09-06 13:30:35,047 - INFO - __init__ - Loading scaler model
2021-09-06 13:30:36,380 - INFO - __init__ - Scaler model loaded Successfully
2021-09-06 13:32:35,285 - INFO - __init__ - Initilization Scaling Class
2021-09-06 13:32:35,285 - INFO - __init__ - Loading scaler model
2021-09-06 13:32:35,285 - INFO - __init__ - Scaler Model loaded Successfully
2021-09-06 13:32:35,285 - INFO - __init__ - Loading scaler model
2021-09-06 13:32:36,680 - INFO - __init__ - Scaler model loaded Successfully
2021-09-06 13:32:38,633 - INFO - __init__ - Initilization Scaling Class
2021-09-06 13:32:38,633 - INFO - __init__ - Loading scaler model
2021-09-06 13:32:38,633 - INFO - __init__ - Scaler Model loaded Successfully
2021-09-06 13:32:38,634 - INFO - __init__ - Loading scaler model
2021-09-06 13:32:39,946 - INFO - __init__ - Scaler model loaded Successfully
2021-09-06 13:32:44,482 - INFO - scale_data - Data is valid
2021-09-06 13:32:44,482 - INFO - scale_data - Scaling the numpy array
2021-09-06 13:32:44,483 - INFO - scale_data - Scaling the numpy array Successfully
2021-09-06 13:32:46,899 - INFO - scale_data - Data is valid
2021-09-06 13:32:46,899 - INFO - scale_data - Scaling the numpy array
2021-09-06 13:32:46,899 - INFO - scale_data - Scaling the numpy array Successfully
2021-09-06 13:33:15,875 - INFO - scale_data - Data is valid
2021-09-06 13:33:15,875 - INFO - scale_data - Scaling the numpy array
2021-09-06 13:33:15,876 - INFO - scale_data - Scaling the numpy array Successfully
2021-09-06 13:33:52,949 - INFO - __init__ - Initilization Scaling Class
2021-09-06 13:33:52,950 - INFO - __init__ - Loading scaler model
2021-09-06 13:33:52,950 - INFO - __init__ - Scaler Model loaded Successfully
2021-09-06 13:33:52,950 - INFO - __init__ - Loading scaler model
2021-09-06 13:33:54,203 - INFO - __init__ - Scaler model loaded Successfully
2021-09-06 13:33:58,784 - INFO - __init__ - Initilization Scaling Class
2021-09-06 13:33:58,784 - INFO - __init__ - Loading scaler model
2021-09-06 13:33:58,784 - INFO - __init__ - Scaler Model loaded Successfully
2021-09-06 13:33:58,784 - INFO - __init__ - Loading scaler model
2021-09-06 13:34:00,054 - INFO - __init__ - Scaler model loaded Successfully
2021-09-06 13:34:08,068 - INFO - __init__ - Initilization Scaling Class
2021-09-06 13:34:08,068 - INFO - __init__ - Loading scaler model
2021-09-06 13:34:08,068 - INFO - __init__ - Scaler Model loaded Successfully
2021-09-06 13:34:08,068 - INFO - __init__ - Loading scaler model
2021-09-06 13:34:09,344 - INFO - __init__ - Scaler model loaded Successfully
2021-09-06 13:34:09,925 - INFO - scale_data - Data is valid
2021-09-06 13:34:09,925 - INFO - scale_data - Scaling the numpy array
2021-09-06 13:34:09,925 - INFO - scale_data - Scaling the numpy array Successfully
2021-09-06 13:34:23,901 - INFO - scale_data - Data is valid
2021-09-06 13:34:23,901 - INFO - scale_data - Scaling the numpy array
2021-09-06 13:34:23,901 - INFO - scale_data - Scaling the numpy array Successfully
2021-09-06 13:34:54,113 - INFO - __init__ - Initilization Scaling Class
2021-09-06 13:34:54,114 - INFO - __init__ - Loading scaler model
2021-09-06 13:34:54,114 - INFO - __init__ - Scaler Model loaded Successfully
2021-09-06 13:34:54,114 - INFO - __init__ - Loading scaler model
2021-09-06 13:34:55,383 - INFO - __init__ - Scaler model loaded Successfully
2021-09-06 13:34:57,398 - INFO - __init__ - Initilization Scaling Class
2021-09-06 13:34:57,398 - INFO - __init__ - Loading scaler model
2021-09-06 13:34:57,398 - INFO - __init__ - Scaler Model loaded Successfully
2021-09-06 13:34:57,398 - INFO - __init__ - Loading scaler model
2021-09-06 13:34:58,802 - INFO - __init__ - Scaler model loaded Successfully
2021-09-06 13:34:59,929 - INFO - scale_data - Data is valid
2021-09-06 13:34:59,929 - INFO - scale_data - Scaling the numpy array
2021-09-06 13:34:59,929 - INFO - scale_data - Scaling the numpy array Successfully
2021-09-06 13:35:41,871 - INFO - __init__ - Initilization Scaling Class
2021-09-06 13:35:41,871 - INFO - __init__ - Loading scaler model
2021-09-06 13:35:41,871 - INFO - __init__ - Scaler Model loaded Successfully
2021-09-06 13:35:41,871 - INFO - __init__ - Loading scaler model
2021-09-06 18:59:48,744 - INFO - __init__ - Initilization Scaling Class
2021-09-06 18:59:48,756 - INFO - __init__ - Loading scaler model
2021-09-06 18:59:48,756 - INFO - __init__ - Scaler Model loaded Successfully
2021-09-06 18:59:48,756 - INFO - __init__ - Loading scaler model
2021-09-06 19:00:02,851 - INFO - __init__ - Scaler model loaded Successfully
2021-09-06 19:00:08,331 - INFO - __init__ - Initilization Scaling Class
2021-09-06 19:00:08,332 - INFO - __init__ - Loading scaler model
2021-09-06 19:00:08,332 - INFO - __init__ - Scaler Model loaded Successfully
2021-09-06 19:00:08,332 - INFO - __init__ - Loading scaler model
2021-09-06 19:00:09,540 - INFO - __init__ - Scaler model loaded Successfully
2021-09-06 19:00:24,757 - INFO - __init__ - Initilization Scaling Class
2021-09-06 19:00:24,757 - INFO - __init__ - Loading scaler model
2021-09-06 19:00:24,757 - INFO - __init__ - Scaler Model loaded Successfully
2021-09-06 19:00:24,757 - INFO - __init__ - Loading scaler model
2021-09-06 19:00:29,762 - INFO - __init__ - Scaler model loaded Successfully
2021-09-06 19:01:00,114 - INFO - scale_data - Data is valid
2021-09-06 19:01:00,114 - INFO - scale_data - Scaling the numpy array
2021-09-06 19:01:00,127 - INFO - scale_data - Scaling the numpy array Successfully
2021-09-06 19:01:12,893 - INFO - __init__ - Initilization Scaling Class
2021-09-06 19:01:12,893 - INFO - __init__ - Loading scaler model
2021-09-06 19:01:12,893 - INFO - __init__ - Scaler Model loaded Successfully
2021-09-06 19:01:12,893 - INFO - __init__ - Loading scaler model
2021-09-06 19:01:17,830 - INFO - __init__ - Scaler model loaded Successfully
2021-09-06 19:01:45,781 - INFO - scale_data - Data is valid
2021-09-06 19:01:45,781 - INFO - scale_data - Scaling the numpy array
2021-09-06 19:01:45,781 - INFO - scale_data - Scaling the numpy array Successfully
2021-09-06 19:01:58,674 - INFO - scale_data - Data is valid
2021-09-06 19:01:58,674 - INFO - scale_data - Scaling the numpy array
2021-09-06 19:01:58,674 - INFO - scale_data - Scaling the numpy array Successfully
2021-09-06 19:02:00,857 - INFO - scale_data - Data is valid
2021-09-06 19:02:00,857 - INFO - scale_data - Scaling the numpy array
2021-09-06 19:02:00,858 - INFO - scale_data - Scaling the numpy array Successfully
2021-09-06 19:08:10,524 - INFO - __init__ - Initilization Scaling Class
2021-09-06 19:08:10,524 - INFO - __init__ - Loading scaler model
2021-09-06 19:08:10,524 - INFO - __init__ - Scaler Model loaded Successfully
2021-09-06 19:08:10,524 - INFO - __init__ - Loading scaler model
2021-09-06 19:08:11,426 - INFO - __init__ - Scaler model loaded Successfully
2021-09-06 19:22:48,416 - INFO - __init__ - Initilization Scaling Class
2021-09-06 19:22:48,416 - INFO - __init__ - Loading scaler model
2021-09-06 19:22:48,416 - INFO - __init__ - Scaler Model loaded Successfully
2021-09-06 19:22:48,416 - INFO - __init__ - Loading scaler model
2021-09-06 19:22:49,778 - INFO - __init__ - Scaler model loaded Successfully
2021-09-06 19:24:42,404 - INFO - __init__ - Initilization Scaling Class
2021-09-06 19:24:42,404 - INFO - __init__ - Loading scaler model
2021-09-06 19:24:42,404 - INFO - __init__ - Scaler Model loaded Successfully
2021-09-06 19:24:42,405 - INFO - __init__ - Loading scaler model
2021-09-06 19:24:43,653 - INFO - __init__ - Scaler model loaded Successfully
2021-09-06 19:24:45,656 - INFO - __init__ - Initilization Scaling Class
2021-09-06 19:24:45,656 - INFO - __init__ - Loading scaler model
2021-09-06 19:24:45,656 - INFO - __init__ - Scaler Model loaded Successfully
2021-09-06 19:24:45,656 - INFO - __init__ - Loading scaler model
2021-09-06 19:24:46,942 - INFO - __init__ - Scaler model loaded Successfully
2021-09-06 19:25:18,961 - INFO - __init__ - Initilization Scaling Class
2021-09-06 19:25:18,961 - INFO - __init__ - Loading scaler model
2021-09-06 19:25:18,962 - INFO - __init__ - Scaler Model loaded Successfully
2021-09-06 19:25:18,962 - INFO - __init__ - Loading scaler model
2021-09-06 19:25:20,218 - INFO - __init__ - Scaler model loaded Successfully
2021-09-06 19:26:02,517 - INFO - __init__ - Initilization Scaling Class
2021-09-06 19:26:02,517 - INFO - __init__ - Loading scaler model
2021-09-06 19:26:02,517 - INFO - __init__ - Scaler Model loaded Successfully
2021-09-06 19:26:02,517 - INFO - __init__ - Loading scaler model
2021-09-06 19:26:03,772 - INFO - __init__ - Scaler model loaded Successfully
2021-09-06 19:26:05,580 - INFO - __init__ - Initilization Scaling Class
2021-09-06 19:26:05,580 - INFO - __init__ - Loading scaler model
2021-09-06 19:26:05,580 - INFO - __init__ - Scaler Model loaded Successfully
2021-09-06 19:26:05,580 - INFO - __init__ - Loading scaler model
2021-09-06 19:26:06,833 - INFO - __init__ - Scaler model loaded Successfully
2021-09-06 19:29:31,170 - INFO - __init__ - Initilization Scaling Class
2021-09-06 19:29:31,170 - INFO - __init__ - Loading scaler model
2021-09-06 19:29:31,170 - INFO - __init__ - Scaler Model loaded Successfully
2021-09-06 19:29:31,171 - INFO - __init__ - Loading scaler model
2021-09-06 19:29:32,337 - INFO - __init__ - Scaler model loaded Successfully
2021-09-06 19:29:34,148 - INFO - __init__ - Initilization Scaling Class
2021-09-06 19:29:34,148 - INFO - __init__ - Loading scaler model
2021-09-06 19:29:34,148 - INFO - __init__ - Scaler Model loaded Successfully
2021-09-06 19:29:34,148 - INFO - __init__ - Loading scaler model
2021-09-06 19:29:35,364 - INFO - __init__ - Scaler model loaded Successfully
2021-09-06 19:29:41,703 - INFO - __init__ - Initilization Scaling Class
2021-09-06 19:29:41,703 - INFO - __init__ - Loading scaler model
2021-09-06 19:29:41,703 - INFO - __init__ - Scaler Model loaded Successfully
2021-09-06 19:29:41,703 - INFO - __init__ - Loading scaler model
2021-09-06 19:29:42,990 - INFO - __init__ - Scaler model loaded Successfully
2021-09-06 19:30:22,600 - INFO - __init__ - Initilization Scaling Class
2021-09-06 19:30:22,600 - INFO - __init__ - Loading scaler model
2021-09-06 19:30:22,600 - INFO - __init__ - Scaler Model loaded Successfully
2021-09-06 19:30:22,600 - INFO - __init__ - Loading scaler model
2021-09-06 19:30:23,444 - INFO - __init__ - Scaler model loaded Successfully
2021-09-06 19:31:23,852 - INFO - __init__ - Initilization Scaling Class
2021-09-06 19:31:23,853 - INFO - __init__ - Loading scaler model
2021-09-06 19:31:23,853 - INFO - __init__ - Scaler Model loaded Successfully
2021-09-06 19:31:23,853 - INFO - __init__ - Loading scaler model
2021-09-06 19:31:24,808 - INFO - __init__ - Scaler model loaded Successfully
2021-09-06 19:32:22,618 - INFO - __init__ - Initilization Scaling Class
2021-09-06 19:32:22,619 - INFO - __init__ - Loading scaler model
2021-09-06 19:32:22,619 - INFO - __init__ - Scaler Model loaded Successfully
2021-09-06 19:32:22,619 - INFO - __init__ - Loading scaler model
2021-09-06 19:32:23,878 - INFO - __init__ - Scaler model loaded Successfully
2021-09-06 19:32:25,788 - INFO - __init__ - Initilization Scaling Class
2021-09-06 19:32:25,788 - INFO - __init__ - Loading scaler model
2021-09-06 19:32:25,788 - INFO - __init__ - Scaler Model loaded Successfully
2021-09-06 19:32:25,788 - INFO - __init__ - Loading scaler model
2021-09-06 19:32:26,979 - INFO - __init__ - Scaler model loaded Successfully
2021-09-06 19:33:03,479 - INFO - __init__ - Initilization Scaling Class
2021-09-06 19:33:03,479 - INFO - __init__ - Loading scaler model
2021-09-06 19:33:03,480 - INFO - __init__ - Scaler Model loaded Successfully
2021-09-06 19:33:03,480 - INFO - __init__ - Loading scaler model
2021-09-06 19:33:04,676 - INFO - __init__ - Scaler model loaded Successfully
2021-09-06 19:33:17,952 - INFO - __init__ - Initilization Scaling Class
2021-09-06 19:33:17,952 - INFO - __init__ - Loading scaler model
2021-09-06 19:33:17,952 - INFO - __init__ - Scaler Model loaded Successfully
2021-09-06 19:33:17,952 - INFO - __init__ - Loading scaler model
2021-09-06 19:33:19,168 - INFO - __init__ - Scaler model loaded Successfully
2021-09-06 19:34:17,065 - INFO - scale_data - Data is valid
2021-09-06 19:34:17,065 - INFO - scale_data - Scaling the numpy array
2021-09-06 19:34:17,066 - INFO - scale_data - Scaling the numpy array Successfully
2021-09-06 19:35:59,210 - INFO - scale_data - Data is valid
2021-09-06 19:35:59,211 - INFO - scale_data - Scaling the numpy array
2021-09-06 19:35:59,211 - INFO - scale_data - Scaling the numpy array Successfully
2021-09-06 19:36:24,451 - INFO - scale_data - Data is valid
2021-09-06 19:36:24,451 - INFO - scale_data - Scaling the numpy array
2021-09-06 19:36:24,452 - INFO - scale_data - Scaling the numpy array Successfully
2021-09-06 19:36:32,834 - INFO - scale_data - Data is valid
2021-09-06 19:36:32,835 - INFO - scale_data - Scaling the numpy array
2021-09-06 19:36:32,835 - INFO - scale_data - Scaling the numpy array Successfully
2021-09-06 21:24:24,390 - INFO - __init__ - Initilization Scaling Class
2021-09-06 21:24:24,397 - INFO - __init__ - Loading scaler model
2021-09-06 21:24:24,397 - INFO - __init__ - Scaler Model loaded Successfully
2021-09-06 21:24:24,397 - INFO - __init__ - Loading scaler model
2021-09-06 21:24:34,265 - INFO - __init__ - Scaler model loaded Successfully
2021-09-06 21:24:37,989 - INFO - __init__ - Initilization Scaling Class
2021-09-06 21:24:37,990 - INFO - __init__ - Loading scaler model
2021-09-06 21:24:37,990 - INFO - __init__ - Scaler Model loaded Successfully
2021-09-06 21:24:37,990 - INFO - __init__ - Loading scaler model
2021-09-06 21:24:38,970 - INFO - __init__ - Scaler model loaded Successfully
2021-09-06 21:24:58,312 - INFO - __init__ - Initilization Scaling Class
2021-09-06 21:24:58,313 - INFO - __init__ - Loading scaler model
2021-09-06 21:24:58,313 - INFO - __init__ - Scaler Model loaded Successfully
2021-09-06 21:24:58,313 - INFO - __init__ - Loading scaler model
2021-09-06 21:24:59,346 - INFO - __init__ - Scaler model loaded Successfully
2021-09-06 21:27:42,472 - INFO - scale_data - Data is valid
2021-09-06 21:27:42,472 - INFO - scale_data - Scaling the numpy array
2021-09-06 21:27:42,504 - INFO - scale_data - Scaling the numpy array Successfully
2021-09-06 21:27:45,345 - INFO - __init__ - Initilization Scaling Class
2021-09-06 21:27:45,345 - INFO - __init__ - Loading scaler model
2021-09-06 21:27:45,345 - INFO - __init__ - Scaler Model loaded Successfully
2021-09-06 21:27:45,345 - INFO - __init__ - Loading scaler model
2021-09-06 21:27:46,307 - INFO - __init__ - Scaler model loaded Successfully
2021-09-06 21:51:00,742 - INFO - __init__ - Initilization Scaling Class
2021-09-06 21:51:00,742 - INFO - __init__ - Loading scaler model
2021-09-06 21:51:00,742 - INFO - __init__ - Scaler Model loaded Successfully
2021-09-06 21:51:00,742 - INFO - __init__ - Loading scaler model
2021-09-06 21:51:09,654 - INFO - __init__ - Scaler model loaded Successfully
2021-09-06 21:51:14,174 - INFO - __init__ - Initilization Scaling Class
2021-09-06 21:51:14,175 - INFO - __init__ - Loading scaler model
2021-09-06 21:51:14,175 - INFO - __init__ - Scaler Model loaded Successfully
2021-09-06 21:51:14,175 - INFO - __init__ - Loading scaler model
2021-09-06 21:51:15,843 - INFO - __init__ - Scaler model loaded Successfully
2021-09-06 22:08:26,766 - INFO - __init__ - Initilization Scaling Class
2021-09-06 22:08:26,766 - INFO - __init__ - Loading scaler model
2021-09-06 22:08:26,766 - INFO - __init__ - Scaler Model loaded Successfully
2021-09-06 22:08:26,766 - INFO - __init__ - Loading scaler model
2021-09-06 22:08:28,463 - INFO - __init__ - Scaler model loaded Successfully
2021-09-06 22:08:31,009 - INFO - __init__ - Initilization Scaling Class
2021-09-06 22:08:31,009 - INFO - __init__ - Loading scaler model
2021-09-06 22:08:31,009 - INFO - __init__ - Scaler Model loaded Successfully
2021-09-06 22:08:31,009 - INFO - __init__ - Loading scaler model
2021-09-06 22:08:32,694 - INFO - __init__ - Scaler model loaded Successfully
2021-09-06 22:09:29,941 - INFO - __init__ - Initilization Scaling Class
2021-09-06 22:09:29,942 - INFO - __init__ - Loading scaler model
2021-09-06 22:09:29,942 - INFO - __init__ - Scaler Model loaded Successfully
2021-09-06 22:09:29,942 - INFO - __init__ - Loading scaler model
2021-09-06 22:09:31,630 - INFO - __init__ - Scaler model loaded Successfully
2021-09-06 22:09:34,118 - INFO - __init__ - Initilization Scaling Class
2021-09-06 22:09:34,118 - INFO - __init__ - Loading scaler model
2021-09-06 22:09:34,118 - INFO - __init__ - Scaler Model loaded Successfully
2021-09-06 22:09:34,118 - INFO - __init__ - Loading scaler model
2021-09-06 22:09:35,714 - INFO - __init__ - Scaler model loaded Successfully
2021-09-06 22:10:42,072 - INFO - scale_data - Data is valid
2021-09-06 22:10:42,072 - INFO - scale_data - Scaling the numpy array
2021-09-06 22:10:42,167 - INFO - scale_data - Scaling the numpy array Successfully
2021-09-06 22:11:01,243 - INFO - scale_data - Data is valid
2021-09-06 22:11:01,243 - INFO - scale_data - Scaling the numpy array
2021-09-06 22:11:01,244 - INFO - scale_data - Scaling the numpy array Successfully
2021-09-06 22:11:09,868 - INFO - scale_data - Data is valid
2021-09-06 22:11:09,869 - INFO - scale_data - Scaling the numpy array
2021-09-06 22:11:09,869 - INFO - scale_data - Scaling the numpy array Successfully
2021-09-20 12:43:48,866 - INFO - __init__ - Initilization Scaling Class
2021-09-20 12:43:48,866 - INFO - __init__ - Loading scaler model
2021-09-20 12:43:48,867 - INFO - __init__ - Scaler Model loaded Successfully
2021-09-20 12:43:48,867 - INFO - __init__ - Loading scaler model
2021-09-20 12:44:02,467 - INFO - __init__ - Scaler model loaded Successfully
2021-09-20 12:44:06,912 - INFO - __init__ - Initilization Scaling Class
2021-09-20 12:44:06,912 - INFO - __init__ - Loading scaler model
2021-09-20 12:44:06,912 - INFO - __init__ - Scaler Model loaded Successfully
2021-09-20 12:44:06,913 - INFO - __init__ - Loading scaler model
2021-09-20 12:44:08,981 - INFO - __init__ - Scaler model loaded Successfully
2021-09-20 12:44:28,943 - INFO - __init__ - Initilization Scaling Class
2021-09-20 12:44:28,944 - INFO - __init__ - Loading scaler model
2021-09-20 12:44:28,944 - INFO - __init__ - Scaler Model loaded Successfully
2021-09-20 12:44:28,944 - INFO - __init__ - Loading scaler model
2021-09-20 12:44:31,052 - INFO - __init__ - Scaler model loaded Successfully
2021-09-20 12:44:42,009 - INFO - scale_data - Data is valid
2021-09-20 12:44:42,009 - INFO - scale_data - Scaling the numpy array
2021-09-20 12:44:42,016 - INFO - scale_data - Scaling the numpy array Successfully
2021-09-20 12:44:45,951 - INFO - __init__ - Initilization Scaling Class
2021-09-20 12:44:45,951 - INFO - __init__ - Loading scaler model
2021-09-20 12:44:45,952 - INFO - __init__ - Scaler Model loaded Successfully
2021-09-20 12:44:45,952 - INFO - __init__ - Loading scaler model
2021-09-20 12:44:48,003 - INFO - __init__ - Scaler model loaded Successfully
